<?xml version="1.0" encoding="UTF-8"?>
<testsuite xmlns:xsi="http://www.w3.org/2001/XMLSchema-instance" xsi:noNamespaceSchemaLocation="https://maven.apache.org/surefire/maven-surefire-plugin/xsd/surefire-test-report-3.0.xsd" version="3.0" name="cucumberOptions.TestRunner" time="8.667" tests="2" errors="0" skipped="0" failures="0">
  <properties>
[...]
</properties>
  <testcase name="Verify if Place is being Successfully added Using AddPlaceAPI #1" classname="Validating Place APIs" time="6.569">
    <system-out><![CDATA[
@AddPlace
Scenario Outline: Verify if Place is being Successfully added Using AddPlaceAPI &amp#27;[90m# src/test/java/features/placeValidations.feature:13&amp#27;[0m
  &amp#27;[32mGiven &amp#27;[0m&amp#27;[32mAdd Place Payload with &amp#27;[0m&amp#27;[32m&amp#27;[1m"Bhurj khalifa"&amp#27;[0m&amp#27;[32m &amp#27;[0m&amp#27;[32m&amp#27;[1m"English"&amp#27;[0m&amp#27;[32m &amp#27;[0m&amp#27;[32m&amp#27;[1m"World Trade center"&amp#27;[0m   &amp#27;[90m# stepDefination.StepDefination.add_place_payload_with(java.lang.String,java.lang.String,java.lang.String)&amp#27;[0m
/maps/api/place/add/json
  &amp#27;[32mWhen &amp#27;[0m&amp#27;[32muser calls with &amp#27;[0m&amp#27;[32m&amp#27;[1m"AddPlaceAPI"&amp#27;[0m&amp#27;[32m with &amp#27;[0m&amp#27;[32m&amp#27;[1m"POST"&amp#27;[0m&amp#27;[32m http request&amp#27;[0m                   &amp#27;[90m# stepDefination.StepDefination.user_calls_with_http_request(java.lang.String,java.lang.String)&amp#27;[0m
  &amp#27;[32mThen &amp#27;[0m&amp#27;[32mThe API call is success with status code &amp#27;[0m&amp#27;[32m&amp#27;[1m200&amp#27;[0m                             &amp#27;[90m# stepDefination.StepDefination.the_api_call_is_success_with_status_code(java.lang.Integer)&amp#27;[0m
  &amp#27;[32mAnd &amp#27;[0m&amp#27;[32m&amp#27;[0m&amp#27;[32m&amp#27;[1m"status"&amp#27;[0m&amp#27;[32m in response body is &amp#27;[0m&amp#27;[32m&amp#27;[1m"OK"&amp#27;[0m                                         &amp#27;[90m# stepDefination.StepDefination.in_response_body_is(java.lang.String,java.lang.String)&amp#27;[0m
  &amp#27;[32mAnd &amp#27;[0m&amp#27;[32m&amp#27;[0m&amp#27;[32m&amp#27;[1m"scope"&amp#27;[0m&amp#27;[32m in response body is &amp#27;[0m&amp#27;[32m&amp#27;[1m"APP"&amp#27;[0m                                         &amp#27;[90m# stepDefination.StepDefination.in_response_body_is(java.lang.String,java.lang.String)&amp#27;[0m
/maps/api/place/get/json
  &amp#27;[32mAnd &amp#27;[0m&amp#27;[32mverify place_Id created maps to &amp#27;[0m&amp#27;[32m&amp#27;[1m"Bhurj khalifa"&amp#27;[0m&amp#27;[32m using &amp#27;[0m&amp#27;[32m&amp#27;[1m"getPlaceAPI"&amp#27;[0m       &amp#27;[90m# stepDefination.StepDefination.verify_place_Id_created_maps_to_using(java.lang.String,java.lang.String)&amp#27;[0m
]]></system-out>
    <system-err><![CDATA[SLF4J: Failed to load class "org.slf4j.impl.StaticLoggerBinder".
SLF4J: Defaulting to no-operation (NOP) logger implementation
SLF4J: See http://www.slf4j.org/codes.html#StaticLoggerBinder for further details.
]]></system-err>
  </testcase>
  <testcase name="Verify if Place is being Successfully added Using AddPlaceAPI #2" classname="Validating Place APIs" time="0.658">
    <system-out><![CDATA[
@AddPlace
Scenario Outline: Verify if Place is being Successfully added Using AddPlaceAPI &amp#27;[90m# src/test/java/features/placeValidations.feature:14&amp#27;[0m
  &amp#27;[32mGiven &amp#27;[0m&amp#27;[32mAdd Place Payload with &amp#27;[0m&amp#27;[32m&amp#27;[1m"iffel Tower"&amp#27;[0m&amp#27;[32m &amp#27;[0m&amp#27;[32m&amp#27;[1m"English"&amp#27;[0m&amp#27;[32m &amp#27;[0m&amp#27;[32m&amp#27;[1m"france"&amp#27;[0m                 &amp#27;[90m# stepDefination.StepDefination.add_place_payload_with(java.lang.String,java.lang.String,java.lang.String)&amp#27;[0m
/maps/api/place/add/json
  &amp#27;[32mWhen &amp#27;[0m&amp#27;[32muser calls with &amp#27;[0m&amp#27;[32m&amp#27;[1m"AddPlaceAPI"&amp#27;[0m&amp#27;[32m with &amp#27;[0m&amp#27;[32m&amp#27;[1m"POST"&amp#27;[0m&amp#27;[32m http request&amp#27;[0m                   &amp#27;[90m# stepDefination.StepDefination.user_calls_with_http_request(java.lang.String,java.lang.String)&amp#27;[0m
  &amp#27;[32mThen &amp#27;[0m&amp#27;[32mThe API call is success with status code &amp#27;[0m&amp#27;[32m&amp#27;[1m200&amp#27;[0m                             &amp#27;[90m# stepDefination.StepDefination.the_api_call_is_success_with_status_code(java.lang.Integer)&amp#27;[0m
  &amp#27;[32mAnd &amp#27;[0m&amp#27;[32m&amp#27;[0m&amp#27;[32m&amp#27;[1m"status"&amp#27;[0m&amp#27;[32m in response body is &amp#27;[0m&amp#27;[32m&amp#27;[1m"OK"&amp#27;[0m                                         &amp#27;[90m# stepDefination.StepDefination.in_response_body_is(java.lang.String,java.lang.String)&amp#27;[0m
  &amp#27;[32mAnd &amp#27;[0m&amp#27;[32m&amp#27;[0m&amp#27;[32m&amp#27;[1m"scope"&amp#27;[0m&amp#27;[32m in response body is &amp#27;[0m&amp#27;[32m&amp#27;[1m"APP"&amp#27;[0m                                         &amp#27;[90m# stepDefination.StepDefination.in_response_body_is(java.lang.String,java.lang.String)&amp#27;[0m
/maps/api/place/get/json
  &amp#27;[32mAnd &amp#27;[0m&amp#27;[32mverify place_Id created maps to &amp#27;[0m&amp#27;[32m&amp#27;[1m"iffel Tower"&amp#27;[0m&amp#27;[32m using &amp#27;[0m&amp#27;[32m&amp#27;[1m"getPlaceAPI"&amp#27;[0m         &amp#27;[90m# stepDefination.StepDefination.verify_place_Id_created_maps_to_using(java.lang.String,java.lang.String)&amp#27;[0m
]]></system-out>
  </testcase>
</testsuite>